<?xml version="1.0" encoding="UTF-8"?>
<!-- Generated by org.testng.reporters.JUnitReportReporter -->
<testsuite skipped="0" hostname="LAPTOP-HHOROJQT" name="RVLEARNING.AppiumTest" tests="2" failures="0" timestamp="29 Mar 2019 14:52:54 GMT" time="0.008" errors="0">
  <testcase name="clickmobile" time="0.008" classname="RVLEARNING.AppiumTest"/>
  <testcase name="nativeapplaunch" time="0.000" classname="RVLEARNING.AppiumTest"/>
</testsuite> <!-- RVLEARNING.AppiumTest -->
