<?xml version="1.0" encoding="UTF-8"?>
<!-- Generated by org.testng.reporters.JUnitReportReporter -->
<testsuite skipped="0" hostname="LAPTOP-HHOROJQT" name="RVLEARNING.SeleniumTest" tests="2" failures="0" timestamp="29 Mar 2019 14:57:05 GMT" time="0.006" errors="0">
  <testcase name="login" time="0.000" classname="RVLEARNING.SeleniumTest"/>
  <testcase name="browserLaunch" time="0.006" classname="RVLEARNING.SeleniumTest"/>
</testsuite> <!-- RVLEARNING.SeleniumTest -->
