<?xml version="1.0" encoding="UTF-8"?>
<!-- Generated by org.testng.reporters.JUnitReportReporter -->
<testsuite skipped="0" hostname="LAPTOP-HHOROJQT" name="RVLEARNING.RESTAPTest" tests="1" failures="0" timestamp="29 Mar 2019 06:28:24 GMT" time="0.000" errors="0">
  <testcase name="restapiadd" time="0.000" classname="RVLEARNING.RESTAPTest"/>
</testsuite> <!-- RVLEARNING.RESTAPTest -->
